# JRE version: OpenJDK Runtime Environment (11.0.11+9) (build 11.0.11+9-b60-7590822)
# Java VM: OpenJDK 64-Bit Server VM (11.0.11+9-b60-7590822, mixed mode, tiered, compressed oops, g1 gc, windows-amd64)
Heap:
 garbage-first heap   total 594944K, used 246093K [0x0000000080000000, 0x0000000100000000)
  region size 1024K, 5 young (5120K), 5 survivors (5120K)
 Metaspace       used 148118K, capacity 151917K, committed 151972K, reserved 1181696K
  class space    used 17920K, capacity 19309K, committed 19364K, reserved 1048576K
GC Heap History (20 events):
Event: 1351.210 GC heap after
{Heap after GC invocations=152 (full 0):
 garbage-first heap   total 273408K, used 169468K [0x0000000080000000, 0x0000000100000000)
  region size 1024K, 10 young (10240K), 10 survivors (10240K)
 Metaspace       used 144694K, capacity 148294K, committed 148516K, reserved 1179648K
  class space    used 17411K, capacity 18713K, committed 18724K, reserved 1048576K
}
Event: 1351.304 GC heap before
{Heap before GC invocations=152 (full 0):
 garbage-first heap   total 273408K, used 209404K [0x0000000080000000, 0x0000000100000000)
  region size 1024K, 51 young (52224K), 10 survivors (10240K)
 Metaspace       used 144828K, capacity 148365K, committed 148516K, reserved 1179648K
  class space    used 17419K, capacity 18713K, committed 18724K, reserved 1048576K
}
Event: 1351.316 GC heap after
{Heap after GC invocations=153 (full 0):
 garbage-first heap   total 273408K, used 178392K [0x0000000080000000, 0x0000000100000000)
  region size 1024K, 9 young (9216K), 9 survivors (9216K)
 Metaspace       used 144828K, capacity 148365K, committed 148516K, reserved 1179648K
  class space    used 17419K, capacity 18713K, committed 18724K, reserved 1048576K
}
Event: 1351.619 GC heap before
{Heap before GC invocations=153 (full 0):
 garbage-first heap   total 273408K, used 227544K [0x0000000080000000, 0x0000000100000000)
  region size 1024K, 56 young (57344K), 9 survivors (9216K)
 Metaspace       used 144964K, capacity 148510K, committed 148772K, reserved 1179648K
  class space    used 17425K, capacity 18714K, committed 18724K, reserved 1048576K
}
Event: 1351.633 GC heap after
{Heap after GC invocations=154 (full 0):
 garbage-first heap   total 273408K, used 188750K [0x0000000080000000, 0x0000000100000000)
  region size 1024K, 7 young (7168K), 7 survivors (7168K)
 Metaspace       used 144964K, capacity 148510K, committed 148772K, reserved 1179648K
  class space    used 17425K, capacity 18714K, committed 18724K, reserved 1048576K
}
Event: 1351.784 GC heap before
{Heap before GC invocations=155 (full 0):
 garbage-first heap   total 273408K, used 225614K [0x0000000080000000, 0x0000000100000000)
  region size 1024K, 45 young (46080K), 7 survivors (7168K)
 Metaspace       used 145480K, capacity 149118K, committed 149156K, reserved 1179648K
  class space    used 17502K, capacity 18830K, committed 18852K, reserved 1048576K
}
Event: 1351.802 GC heap after
{Heap after GC invocations=156 (full 0):
 garbage-first heap   total 273408K, used 198575K [0x0000000080000000, 0x0000000100000000)
  region size 1024K, 6 young (6144K), 6 survivors (6144K)
 Metaspace       used 145480K, capacity 149118K, committed 149156K, reserved 1179648K
  class space    used 17502K, capacity 18830K, committed 18852K, reserved 1048576K
}
Event: 1351.927 GC heap before
{Heap before GC invocations=156 (full 0):
 garbage-first heap   total 273408K, used 228271K [0x0000000080000000, 0x0000000100000000)
  region size 1024K, 35 young (35840K), 6 survivors (6144K)
 Metaspace       used 145925K, capacity 149571K, committed 149796K, reserved 1179648K
  class space    used 17571K, capacity 18895K, committed 18980K, reserved 1048576K
}
Event: 1351.946 GC heap after
{Heap after GC invocations=157 (full 0):
 garbage-first heap   total 273408K, used 205824K [0x0000000080000000, 0x0000000100000000)
  region size 1024K, 5 young (5120K), 5 survivors (5120K)
 Metaspace       used 145925K, capacity 149571K, committed 149796K, reserved 1179648K
  class space    used 17571K, capacity 18895K, committed 18980K, reserved 1048576K
}
Event: 1352.091 GC heap before
{Heap before GC invocations=157 (full 0):
 garbage-first heap   total 273408K, used 231424K [0x0000000080000000, 0x0000000100000000)
  region size 1024K, 30 young (30720K), 5 survivors (5120K)
 Metaspace       used 146277K, capacity 149927K, committed 150052K, reserved 1179648K
  class space    used 17596K, capacity 18927K, committed 18980K, reserved 1048576K
}
Event: 1352.104 GC heap after
{Heap after GC invocations=158 (full 0):
 garbage-first heap   total 273408K, used 210944K [0x0000000080000000, 0x0000000100000000)
  region size 1024K, 4 young (4096K), 4 survivors (4096K)
 Metaspace       used 146277K, capacity 149927K, committed 150052K, reserved 1179648K
  class space    used 17596K, capacity 18927K, committed 18980K, reserved 1048576K
}
Event: 1352.208 GC heap before
{Heap before GC invocations=158 (full 0):
 garbage-first heap   total 273408K, used 233472K [0x0000000080000000, 0x0000000100000000)
  region size 1024K, 26 young (26624K), 4 survivors (4096K)
 Metaspace       used 146533K, capacity 150154K, committed 150308K, reserved 1181696K
  class space    used 17644K, capacity 18959K, committed 18980K, reserved 1048576K
}
Event: 1352.224 GC heap after
{Heap after GC invocations=159 (full 0):
 garbage-first heap   total 328704K, used 215612K [0x0000000080000000, 0x0000000100000000)
  region size 1024K, 4 young (4096K), 4 survivors (4096K)
 Metaspace       used 146533K, capacity 150154K, committed 150308K, reserved 1181696K
  class space    used 17644K, capacity 18959K, committed 18980K, reserved 1048576K
}
Event: 1352.489 GC heap before
{Heap before GC invocations=160 (full 0):
 garbage-first heap   total 328704K, used 257596K [0x0000000080000000, 0x0000000100000000)
  region size 1024K, 45 young (46080K), 4 survivors (4096K)
 Metaspace       used 146931K, capacity 150533K, committed 150692K, reserved 1181696K
  class space    used 17680K, capacity 18997K, committed 19108K, reserved 1048576K
}
Event: 1352.507 GC heap after
{Heap after GC invocations=161 (full 0):
 garbage-first heap   total 328704K, used 224256K [0x0000000080000000, 0x0000000100000000)
  region size 1024K, 6 young (6144K), 6 survivors (6144K)
 Metaspace       used 146931K, capacity 150533K, committed 150692K, reserved 1181696K
  class space    used 17680K, capacity 18997K, committed 19108K, reserved 1048576K
}
Event: 1352.601 GC heap before
{Heap before GC invocations=161 (full 0):
 garbage-first heap   total 328704K, used 264192K [0x0000000080000000, 0x0000000100000000)
  region size 1024K, 45 young (46080K), 6 survivors (6144K)
 Metaspace       used 147459K, capacity 151067K, committed 151332K, reserved 1181696K
  class space    used 17791K, capacity 19108K, committed 19236K, reserved 1048576K
}
Event: 1352.620 GC heap after
{Heap after GC invocations=162 (full 0):
 garbage-first heap   total 328704K, used 232284K [0x0000000080000000, 0x0000000100000000)
  region size 1024K, 6 young (6144K), 6 survivors (6144K)
 Metaspace       used 147459K, capacity 151067K, committed 151332K, reserved 1181696K
  class space    used 17791K, capacity 19108K, committed 19236K, reserved 1048576K
}
Event: 1352.829 GC heap before
{Heap before GC invocations=162 (full 0):
 garbage-first heap   total 328704K, used 269148K [0x0000000080000000, 0x0000000100000000)
  region size 1024K, 43 young (44032K), 6 survivors (6144K)
 Metaspace       used 147760K, capacity 151407K, committed 151588K, reserved 1181696K
  class space    used 17832K, capacity 19179K, committed 19236K, reserved 1048576K
}
Event: 1352.847 GC heap after
{Heap after GC invocations=163 (full 0):
 garbage-first heap   total 328704K, used 239450K [0x0000000080000000, 0x0000000100000000)
  region size 1024K, 6 young (6144K), 6 survivors (6144K)
 Metaspace       used 147760K, capacity 151407K, committed 151588K, reserved 1181696K
  class space    used 17832K, capacity 19179K, committed 19236K, reserved 1048576K
}
Event: 1353.024 GC heap before
{Heap before GC invocations=163 (full 0):
 garbage-first heap   total 328704K, used 274266K [0x0000000080000000, 0x0000000100000000)
  region size 1024K, 40 young (40960K), 6 survivors (6144K)
 Metaspace       used 148118K, capacity 151917K, committed 151972K, reserved 1181696K
  class space    used 17920K, capacity 19309K, committed 19364K, reserved 1048576K
}

