# JRE version: OpenJDK Runtime Environment (11.0.11+9) (build 11.0.11+9-b60-7590822)
# Java VM: OpenJDK 64-Bit Server VM (11.0.11+9-b60-7590822, mixed mode, tiered, compressed oops, g1 gc, windows-amd64)
Heap:
 garbage-first heap   total 558080K, used 214622K [0x0000000080000000, 0x0000000100000000)
  region size 1024K, 7 young (7168K), 7 survivors (7168K)
 Metaspace       used 103875K, capacity 106444K, committed 106572K, reserved 1140736K
  class space    used 13545K, capacity 14552K, committed 14668K, reserved 1048576K
GC Heap History (20 events):
Event: 16.476 GC heap after
{Heap after GC invocations=28 (full 0):
 garbage-first heap   total 227328K, used 139950K [0x0000000080000000, 0x0000000100000000)
  region size 1024K, 8 young (8192K), 8 survivors (8192K)
 Metaspace       used 96238K, capacity 98449K, committed 98636K, reserved 1134592K
  class space    used 12437K, capacity 13288K, committed 13388K, reserved 1048576K
}
Event: 16.612 GC heap before
{Heap before GC invocations=29 (full 0):
 garbage-first heap   total 227328K, used 181934K [0x0000000080000000, 0x0000000100000000)
  region size 1024K, 49 young (50176K), 8 survivors (8192K)
 Metaspace       used 96682K, capacity 98868K, committed 99148K, reserved 1134592K
  class space    used 12493K, capacity 13320K, committed 13388K, reserved 1048576K
}
Event: 16.631 GC heap after
{Heap after GC invocations=30 (full 0):
 garbage-first heap   total 227328K, used 150112K [0x0000000080000000, 0x0000000100000000)
  region size 1024K, 7 young (7168K), 7 survivors (7168K)
 Metaspace       used 96682K, capacity 98868K, committed 99148K, reserved 1134592K
  class space    used 12493K, capacity 13320K, committed 13388K, reserved 1048576K
}
Event: 16.809 GC heap before
{Heap before GC invocations=30 (full 0):
 garbage-first heap   total 227328K, used 183904K [0x0000000080000000, 0x0000000100000000)
  region size 1024K, 41 young (41984K), 7 survivors (7168K)
 Metaspace       used 97516K, capacity 99762K, committed 100044K, reserved 1136640K
  class space    used 12584K, capacity 13427K, committed 13516K, reserved 1048576K
}
Event: 16.831 GC heap after
{Heap after GC invocations=31 (full 0):
 garbage-first heap   total 273408K, used 157696K [0x0000000080000000, 0x0000000100000000)
  region size 1024K, 6 young (6144K), 6 survivors (6144K)
 Metaspace       used 97516K, capacity 99762K, committed 100044K, reserved 1136640K
  class space    used 12584K, capacity 13427K, committed 13516K, reserved 1048576K
}
Event: 17.148 GC heap before
{Heap before GC invocations=31 (full 0):
 garbage-first heap   total 273408K, used 205824K [0x0000000080000000, 0x0000000100000000)
  region size 1024K, 53 young (54272K), 6 survivors (6144K)
 Metaspace       used 98005K, capacity 100336K, committed 100428K, reserved 1136640K
  class space    used 12687K, capacity 13610K, committed 13644K, reserved 1048576K
}
Event: 17.174 GC heap after
{Heap after GC invocations=32 (full 0):
 garbage-first heap   total 273408K, used 167322K [0x0000000080000000, 0x0000000100000000)
  region size 1024K, 7 young (7168K), 7 survivors (7168K)
 Metaspace       used 98005K, capacity 100336K, committed 100428K, reserved 1136640K
  class space    used 12687K, capacity 13610K, committed 13644K, reserved 1048576K
}
Event: 17.413 GC heap before
{Heap before GC invocations=33 (full 0):
 garbage-first heap   total 273408K, used 212378K [0x0000000080000000, 0x0000000100000000)
  region size 1024K, 52 young (53248K), 7 survivors (7168K)
 Metaspace       used 98527K, capacity 100789K, committed 101068K, reserved 1136640K
  class space    used 12775K, capacity 13644K, committed 13772K, reserved 1048576K
}
Event: 17.437 GC heap after
{Heap after GC invocations=34 (full 0):
 garbage-first heap   total 273408K, used 176909K [0x0000000080000000, 0x0000000100000000)
  region size 1024K, 7 young (7168K), 7 survivors (7168K)
 Metaspace       used 98527K, capacity 100789K, committed 101068K, reserved 1136640K
  class space    used 12775K, capacity 13644K, committed 13772K, reserved 1048576K
}
Event: 17.591 GC heap before
{Heap before GC invocations=34 (full 0):
 garbage-first heap   total 273408K, used 218893K [0x0000000080000000, 0x0000000100000000)
  region size 1024K, 49 young (50176K), 7 survivors (7168K)
 Metaspace       used 99795K, capacity 102167K, committed 102348K, reserved 1138688K
  class space    used 13011K, capacity 13914K, committed 14028K, reserved 1048576K
}
Event: 17.614 GC heap after
{Heap after GC invocations=35 (full 0):
 garbage-first heap   total 273408K, used 184533K [0x0000000080000000, 0x0000000100000000)
  region size 1024K, 7 young (7168K), 7 survivors (7168K)
 Metaspace       used 99795K, capacity 102167K, committed 102348K, reserved 1138688K
  class space    used 13011K, capacity 13914K, committed 14028K, reserved 1048576K
}
Event: 18.016 GC heap before
{Heap before GC invocations=35 (full 0):
 garbage-first heap   total 273408K, used 223445K [0x0000000080000000, 0x0000000100000000)
  region size 1024K, 45 young (46080K), 7 survivors (7168K)
 Metaspace       used 100953K, capacity 103374K, committed 103628K, reserved 1138688K
  class space    used 13194K, capacity 14130K, committed 14284K, reserved 1048576K
}
Event: 18.041 GC heap after
{Heap after GC invocations=36 (full 0):
 garbage-first heap   total 390144K, used 192418K [0x0000000080000000, 0x0000000100000000)
  region size 1024K, 6 young (6144K), 6 survivors (6144K)
 Metaspace       used 100953K, capacity 103374K, committed 103628K, reserved 1138688K
  class space    used 13194K, capacity 14130K, committed 14284K, reserved 1048576K
}
Event: 18.838 GC heap before
{Heap before GC invocations=37 (full 0):
 garbage-first heap   total 390144K, used 263074K [0x0000000080000000, 0x0000000100000000)
  region size 1024K, 76 young (77824K), 6 survivors (6144K)
 Metaspace       used 101825K, capacity 104237K, committed 104396K, reserved 1138688K
  class space    used 13274K, capacity 14217K, committed 14284K, reserved 1048576K
}
Event: 18.868 GC heap after
{Heap after GC invocations=38 (full 0):
 garbage-first heap   total 390144K, used 203761K [0x0000000080000000, 0x0000000100000000)
  region size 1024K, 10 young (10240K), 10 survivors (10240K)
 Metaspace       used 101825K, capacity 104237K, committed 104396K, reserved 1138688K
  class space    used 13274K, capacity 14217K, committed 14284K, reserved 1048576K
}
Event: 19.190 GC heap before
{Heap before GC invocations=38 (full 0):
 garbage-first heap   total 390144K, used 276465K [0x0000000080000000, 0x0000000100000000)
  region size 1024K, 81 young (82944K), 10 survivors (10240K)
 Metaspace       used 102682K, capacity 105228K, committed 105292K, reserved 1140736K
  class space    used 13410K, capacity 14401K, committed 14412K, reserved 1048576K
}
Event: 19.213 GC heap after
{Heap after GC invocations=39 (full 0):
 garbage-first heap   total 390144K, used 209155K [0x0000000080000000, 0x0000000100000000)
  region size 1024K, 5 young (5120K), 5 survivors (5120K)
 Metaspace       used 102682K, capacity 105228K, committed 105292K, reserved 1140736K
  class space    used 13410K, capacity 14401K, committed 14412K, reserved 1048576K
}
Event: 19.795 GC heap before
{Heap before GC invocations=39 (full 0):
 garbage-first heap   total 390144K, used 283907K [0x0000000080000000, 0x0000000100000000)
  region size 1024K, 78 young (79872K), 5 survivors (5120K)
 Metaspace       used 103272K, capacity 105778K, committed 106188K, reserved 1140736K
  class space    used 13445K, capacity 14433K, committed 14540K, reserved 1048576K
}
Event: 19.810 GC heap after
{Heap after GC invocations=40 (full 0):
 garbage-first heap   total 390144K, used 210309K [0x0000000080000000, 0x0000000100000000)
  region size 1024K, 7 young (7168K), 7 survivors (7168K)
 Metaspace       used 103272K, capacity 105778K, committed 106188K, reserved 1140736K
  class space    used 13445K, capacity 14433K, committed 14540K, reserved 1048576K
}
Event: 20.165 GC heap before
{Heap before GC invocations=41 (full 0):
 garbage-first heap   total 390144K, used 287109K [0x0000000080000000, 0x0000000100000000)
  region size 1024K, 83 young (84992K), 7 survivors (7168K)
 Metaspace       used 103875K, capacity 106444K, committed 106572K, reserved 1140736K
  class space    used 13545K, capacity 14552K, committed 14668K, reserved 1048576K
}

