# JRE version: OpenJDK Runtime Environment (11.0.11+9) (build 11.0.11+9-b60-7590822)
# Java VM: OpenJDK 64-Bit Server VM (11.0.11+9-b60-7590822, mixed mode, tiered, compressed oops, g1 gc, windows-amd64)
Heap:
 garbage-first heap   total 828416K, used 226961K [0x0000000080000000, 0x0000000100000000)
  region size 1024K, 9 young (9216K), 9 survivors (9216K)
 Metaspace       used 134289K, capacity 137882K, committed 138052K, reserved 1169408K
  class space    used 16793K, capacity 18122K, committed 18252K, reserved 1048576K
GC Heap History (20 events):
Event: 60.336 GC heap after
{Heap after GC invocations=104 (full 0):
 garbage-first heap   total 189440K, used 152507K [0x0000000080000000, 0x0000000100000000)
  region size 1024K, 2 young (2048K), 2 survivors (2048K)
 Metaspace       used 130206K, capacity 133594K, committed 133700K, reserved 1165312K
  class space    used 16237K, capacity 17437K, committed 17484K, reserved 1048576K
}
Event: 60.394 GC heap before
{Heap before GC invocations=104 (full 0):
 garbage-first heap   total 189440K, used 163771K [0x0000000080000000, 0x0000000100000000)
  region size 1024K, 14 young (14336K), 2 survivors (2048K)
 Metaspace       used 130461K, capacity 133861K, committed 133956K, reserved 1165312K
  class space    used 16277K, capacity 17483K, committed 17484K, reserved 1048576K
}
Event: 60.396 GC heap after
{Heap after GC invocations=105 (full 0):
 garbage-first heap   total 189440K, used 153647K [0x0000000080000000, 0x0000000100000000)
  region size 1024K, 2 young (2048K), 2 survivors (2048K)
 Metaspace       used 130461K, capacity 133861K, committed 133956K, reserved 1165312K
  class space    used 16277K, capacity 17483K, committed 17484K, reserved 1048576K
}
Event: 60.415 GC heap before
{Heap before GC invocations=105 (full 0):
 garbage-first heap   total 189440K, used 163887K [0x0000000080000000, 0x0000000100000000)
  region size 1024K, 13 young (13312K), 2 survivors (2048K)
 Metaspace       used 130496K, capacity 133867K, committed 134084K, reserved 1165312K
  class space    used 16283K, capacity 17485K, committed 17612K, reserved 1048576K
}
Event: 60.421 GC heap after
{Heap after GC invocations=106 (full 0):
 garbage-first heap   total 227328K, used 156145K [0x0000000080000000, 0x0000000100000000)
  region size 1024K, 2 young (2048K), 2 survivors (2048K)
 Metaspace       used 130496K, capacity 133867K, committed 134084K, reserved 1165312K
  class space    used 16283K, capacity 17485K, committed 17612K, reserved 1048576K
}
Event: 60.475 GC heap before
{Heap before GC invocations=106 (full 0):
 garbage-first heap   total 227328K, used 183793K [0x0000000080000000, 0x0000000100000000)
  region size 1024K, 30 young (30720K), 2 survivors (2048K)
 Metaspace       used 130630K, capacity 134009K, committed 134340K, reserved 1167360K
  class space    used 16297K, capacity 17488K, committed 17612K, reserved 1048576K
}
Event: 60.482 GC heap after
{Heap after GC invocations=107 (full 0):
 garbage-first heap   total 227328K, used 160556K [0x0000000080000000, 0x0000000100000000)
  region size 1024K, 4 young (4096K), 4 survivors (4096K)
 Metaspace       used 130630K, capacity 134009K, committed 134340K, reserved 1167360K
  class space    used 16297K, capacity 17488K, committed 17612K, reserved 1048576K
}
Event: 60.526 GC heap before
{Heap before GC invocations=108 (full 0):
 garbage-first heap   total 227328K, used 186156K [0x0000000080000000, 0x0000000100000000)
  region size 1024K, 30 young (30720K), 4 survivors (4096K)
 Metaspace       used 130748K, capacity 134126K, committed 134340K, reserved 1167360K
  class space    used 16311K, capacity 17527K, committed 17612K, reserved 1048576K
}
Event: 60.531 GC heap after
{Heap after GC invocations=109 (full 0):
 garbage-first heap   total 227328K, used 165375K [0x0000000080000000, 0x0000000100000000)
  region size 1024K, 4 young (4096K), 4 survivors (4096K)
 Metaspace       used 130748K, capacity 134126K, committed 134340K, reserved 1167360K
  class space    used 16311K, capacity 17527K, committed 17612K, reserved 1048576K
}
Event: 60.556 GC heap before
{Heap before GC invocations=109 (full 0):
 garbage-first heap   total 227328K, used 178687K [0x0000000080000000, 0x0000000100000000)
  region size 1024K, 19 young (19456K), 4 survivors (4096K)
 Metaspace       used 130751K, capacity 134126K, committed 134340K, reserved 1167360K
  class space    used 16311K, capacity 17527K, committed 17612K, reserved 1048576K
}
Event: 60.562 GC heap after
{Heap after GC invocations=110 (full 0):
 garbage-first heap   total 227328K, used 167411K [0x0000000080000000, 0x0000000100000000)
  region size 1024K, 4 young (4096K), 4 survivors (4096K)
 Metaspace       used 130751K, capacity 134126K, committed 134340K, reserved 1167360K
  class space    used 16311K, capacity 17527K, committed 17612K, reserved 1048576K
}
Event: 60.882 GC heap before
{Heap before GC invocations=110 (full 0):
 garbage-first heap   total 227328K, used 188915K [0x0000000080000000, 0x0000000100000000)
  region size 1024K, 24 young (24576K), 4 survivors (4096K)
 Metaspace       used 130802K, capacity 134186K, committed 134340K, reserved 1167360K
  class space    used 16313K, capacity 17547K, committed 17612K, reserved 1048576K
}
Event: 60.890 GC heap after
{Heap after GC invocations=111 (full 0):
 garbage-first heap   total 356352K, used 170864K [0x0000000080000000, 0x0000000100000000)
  region size 1024K, 3 young (3072K), 3 survivors (3072K)
 Metaspace       used 130802K, capacity 134186K, committed 134340K, reserved 1167360K
  class space    used 16313K, capacity 17547K, committed 17612K, reserved 1048576K
}
Event: 61.337 GC heap before
{Heap before GC invocations=112 (full 0):
 garbage-first heap   total 356352K, used 237424K [0x0000000080000000, 0x0000000100000000)
  region size 1024K, 69 young (70656K), 3 survivors (3072K)
 Metaspace       used 132083K, capacity 135564K, committed 135876K, reserved 1167360K
  class space    used 16492K, capacity 17782K, committed 17868K, reserved 1048576K
}
Event: 61.357 GC heap after
{Heap after GC invocations=113 (full 0):
 garbage-first heap   total 356352K, used 186225K [0x0000000080000000, 0x0000000100000000)
  region size 1024K, 9 young (9216K), 9 survivors (9216K)
 Metaspace       used 132083K, capacity 135564K, committed 135876K, reserved 1167360K
  class space    used 16492K, capacity 17782K, committed 17868K, reserved 1048576K
}
Event: 61.696 GC heap before
{Heap before GC invocations=113 (full 0):
 garbage-first heap   total 356352K, used 251761K [0x0000000080000000, 0x0000000100000000)
  region size 1024K, 74 young (75776K), 9 survivors (9216K)
 Metaspace       used 133970K, capacity 137560K, committed 137668K, reserved 1169408K
  class space    used 16754K, capacity 18085K, committed 18124K, reserved 1048576K
}
Event: 61.745 GC heap after
{Heap after GC invocations=114 (full 0):
 garbage-first heap   total 356352K, used 199536K [0x0000000080000000, 0x0000000100000000)
  region size 1024K, 10 young (10240K), 10 survivors (10240K)
 Metaspace       used 133970K, capacity 137560K, committed 137668K, reserved 1169408K
  class space    used 16754K, capacity 18085K, committed 18124K, reserved 1048576K
}
Event: 62.265 GC heap before
{Heap before GC invocations=115 (full 0):
 garbage-first heap   total 356352K, used 263024K [0x0000000080000000, 0x0000000100000000)
  region size 1024K, 72 young (73728K), 10 survivors (10240K)
 Metaspace       used 134210K, capacity 137782K, committed 137924K, reserved 1169408K
  class space    used 16774K, capacity 18090K, committed 18124K, reserved 1048576K
}
Event: 62.300 GC heap after
{Heap after GC invocations=116 (full 0):
 garbage-first heap   total 356352K, used 214016K [0x0000000080000000, 0x0000000100000000)
  region size 1024K, 9 young (9216K), 9 survivors (9216K)
 Metaspace       used 134210K, capacity 137782K, committed 137924K, reserved 1169408K
  class space    used 16774K, capacity 18090K, committed 18124K, reserved 1048576K
}
Event: 62.413 GC heap before
{Heap before GC invocations=116 (full 0):
 garbage-first heap   total 356352K, used 272384K [0x0000000080000000, 0x0000000100000000)
  region size 1024K, 66 young (67584K), 9 survivors (9216K)
 Metaspace       used 134289K, capacity 137882K, committed 138052K, reserved 1169408K
  class space    used 16793K, capacity 18122K, committed 18252K, reserved 1048576K
}

